<?xml version="1.0" encoding="UTF-8"?>
<testng-results skipped="0" failed="0" total="2" passed="2">
  <reporter-output>
  </reporter-output>
  <suite name="Default suite" duration-ms="30" started-at="2020-12-02T02:32:38Z" finished-at="2020-12-02T02:32:38Z">
    <groups>
    </groups>
    <test name="Default test" duration-ms="30" started-at="2020-12-02T02:32:38Z" finished-at="2020-12-02T02:32:38Z">
      <class name="Project.NewMaven.login">
        <test-method status="PASS" signature="logout()[pri:0, instance:Project.NewMaven.login@19bb089b]" name="logout" duration-ms="13" started-at="2020-12-01T18:32:38Z" finished-at="2020-12-01T18:32:38Z">
          <reporter-output>
          </reporter-output>
        </test-method> <!-- logout -->
        <test-method status="PASS" signature="verify()[pri:0, instance:Project.NewMaven.login@19bb089b]" name="verify" duration-ms="1" started-at="2020-12-01T18:32:38Z" finished-at="2020-12-01T18:32:38Z">
          <reporter-output>
          </reporter-output>
        </test-method> <!-- verify -->
      </class> <!-- Project.NewMaven.login -->
    </test> <!-- Default test -->
  </suite> <!-- Default suite -->
</testng-results>
